2017-03-11 00:05:55 [ERROR] : [2017-03-11 12:05:55]msg:Can not find default method : run;file:/home/qixinliang/git/bhd-zhixiao/sales/initphp/initphp.php;line:604;code:throw new exceptionInit($msg, $code);
2017-03-11 00:50:51 [ERROR] : [2017-03-11 12:50:51]msg:Please check the Directory have read/write permissions. If it's not, please set 777 limits. Can not write ./data/template_c/admingroup/addinfo.tpl.php;file:/home/qixinliang/git/bhd-zhixiao/sales/initphp/initphp.php;line:604;code:throw new exceptionInit($msg, $code);
2017-03-11 00:50:58 [ERROR] : [2017-03-11 12:50:58]msg:Please check the Directory have read/write permissions. If it's not, please set 777 limits. Can not write ./data/template_c/admin/addinfo.tpl.php;file:/home/qixinliang/git/bhd-zhixiao/sales/initphp/initphp.php;line:604;code:throw new exceptionInit($msg, $code);
2017-03-11 00:51:01 [ERROR] : [2017-03-11 12:51:01]msg:Please check the Directory have read/write permissions. If it's not, please set 777 limits. Can not write ./data/template_c/admin/addinfo.tpl.php;file:/home/qixinliang/git/bhd-zhixiao/sales/initphp/initphp.php;line:604;code:throw new exceptionInit($msg, $code);
2017-03-11 00:51:14 [ERROR] : [2017-03-11 12:51:14]msg:Please check the Directory have read/write permissions. If it's not, please set 777 limits. Can not write ./data/template_c/admin/addinfo.tpl.php;file:/home/qixinliang/git/bhd-zhixiao/sales/initphp/initphp.php;line:604;code:throw new exceptionInit($msg, $code);
2017-03-11 00:51:37 [ERROR] : [2017-03-11 12:51:37]msg:Please check the Directory have read/write permissions. If it's not, please set 777 limits. Can not write ./data/template_c/admin/addinfo.tpl.php;file:/home/qixinliang/git/bhd-zhixiao/sales/initphp/initphp.php;line:604;code:throw new exceptionInit($msg, $code);
2017-03-11 00:51:58 [ERROR] : [2017-03-11 12:51:58]msg:Please check the Directory have read/write permissions. If it's not, please set 777 limits. Can not write ./data/template_c/admin/addinfo.tpl.php;file:/home/qixinliang/git/bhd-zhixiao/sales/initphp/initphp.php;line:604;code:throw new exceptionInit($msg, $code);
2017-03-11 00:52:46 [ERROR] : [2017-03-11 12:52:46]msg:Please check the Directory have read/write permissions. If it's not, please set 777 limits. Can not write ./data/template_c/admin/addinfo.tpl.php;file:/home/qixinliang/git/bhd-zhixiao/sales/initphp/initphp.php;line:604;code:throw new exceptionInit($msg, $code);
2017-03-11 00:56:01 [ERROR] : [2017-03-11 12:56:01]msg:Please check the Directory have read/write permissions. If it's not, please set 777 limits. Can not write ./data/template_c/admingroup/addinfo.tpl.php;file:/home/qixinliang/git/bhd-zhixiao/sales/initphp/initphp.php;line:604;code:throw new exceptionInit($msg, $code);
2017-03-11 00:56:53 [ERROR] : [2017-03-11 12:56:53]msg:Table 'zhixiao.zx_department' doesn't exist;file:/home/qixinliang/git/bhd-zhixiao/sales/initphp/initphp.php;line:604;code:throw new exceptionInit($msg, $code);
2017-03-11 00:56:56 [ERROR] : [2017-03-11 12:56:56]msg:Table 'zhixiao.zx_department' doesn't exist;file:/home/qixinliang/git/bhd-zhixiao/sales/initphp/initphp.php;line:604;code:throw new exceptionInit($msg, $code);
2017-03-11 00:56:56 [ERROR] : [2017-03-11 12:56:56]msg:Table 'zhixiao.zx_department' doesn't exist;file:/home/qixinliang/git/bhd-zhixiao/sales/initphp/initphp.php;line:604;code:throw new exceptionInit($msg, $code);
2017-03-11 00:56:57 [ERROR] : [2017-03-11 12:56:57]msg:Table 'zhixiao.zx_department' doesn't exist;file:/home/qixinliang/git/bhd-zhixiao/sales/initphp/initphp.php;line:604;code:throw new exceptionInit($msg, $code);
2017-03-11 00:56:58 [ERROR] : [2017-03-11 12:56:58]msg:Table 'zhixiao.zx_department' doesn't exist;file:/home/qixinliang/git/bhd-zhixiao/sales/initphp/initphp.php;line:604;code:throw new exceptionInit($msg, $code);
2017-03-11 00:56:58 [ERROR] : [2017-03-11 12:56:58]msg:Table 'zhixiao.zx_department' doesn't exist;file:/home/qixinliang/git/bhd-zhixiao/sales/initphp/initphp.php;line:604;code:throw new exceptionInit($msg, $code);
2017-03-11 00:56:58 [ERROR] : [2017-03-11 12:56:58]msg:Table 'zhixiao.zx_department' doesn't exist;file:/home/qixinliang/git/bhd-zhixiao/sales/initphp/initphp.php;line:604;code:throw new exceptionInit($msg, $code);
2017-03-11 01:35:51 [ERROR] : [2017-03-11 01:35:51]msg:./web/template/department/run.htm is not exist!;file:/home/qixinliang/git/bhd-zhixiao/sales/initphp/initphp.php;line:604;code:throw new exceptionInit($msg, $code);
2017-03-11 01:35:52 [ERROR] : [2017-03-11 01:35:52]msg:./web/template/department/run.htm is not exist!;file:/home/qixinliang/git/bhd-zhixiao/sales/initphp/initphp.php;line:604;code:throw new exceptionInit($msg, $code);
2017-03-11 01:38:35 [ERROR] : [2017-03-11 01:38:35]msg:Please check the Directory have read/write permissions. If it's not, please set 777 limits. Can not write ./data/template_c/company/addinfo.tpl.php;file:/home/qixinliang/git/bhd-zhixiao/sales/initphp/initphp.php;line:604;code:throw new exceptionInit($msg, $code);
2017-03-11 18:50:41 [ERROR] : [2017-03-11 06:50:41]msg:Unknown column 'department_name' in 'field list';file:/home/qixinliang/git/bhd-zhixiao/sales/initphp/initphp.php;line:604;code:throw new exceptionInit($msg, $code);
2017-03-11 18:50:52 [ERROR] : [2017-03-11 06:50:52]msg:Unknown column 'department_name' in 'field list';file:/home/qixinliang/git/bhd-zhixiao/sales/initphp/initphp.php;line:604;code:throw new exceptionInit($msg, $code);
2017-03-11 18:51:42 [ERROR] : [2017-03-11 06:51:42]msg:Unknown column 'department_name' in 'field list';file:/home/qixinliang/git/bhd-zhixiao/sales/initphp/initphp.php;line:604;code:throw new exceptionInit($msg, $code);
2017-03-11 18:51:49 [ERROR] : [2017-03-11 06:51:49]msg:Unknown column 'department_name' in 'field list';file:/home/qixinliang/git/bhd-zhixiao/sales/initphp/initphp.php;line:604;code:throw new exceptionInit($msg, $code);
2017-03-11 20:01:24 [ERROR] : [2017-03-11 08:01:24]msg:Unknown column 'department_name' in 'field list';file:/home/qixinliang/git/bhd-zhixiao/sales/initphp/initphp.php;line:604;code:throw new exceptionInit($msg, $code);
